<?xml version="1.0" encoding="UTF-8"?>
<testng-results ignored="0" total="1" passed="1" failed="0" skipped="0">
  <reporter-output>
  </reporter-output>
  <suite started-at="2021-06-10T13:23:51 EDT" name="Default suite" finished-at="2021-06-10T13:24:02 EDT" duration-ms="11968">
    <groups>
    </groups>
    <test started-at="2021-06-10T13:23:51 EDT" name="Default test" finished-at="2021-06-10T13:24:02 EDT" duration-ms="11968">
      <class name="testLayer.LoginTest">
        <test-method is-config="true" signature="initialSetup()[pri:0, instance:testLayer.LoginTest@130161f7]" started-at="2021-06-10T13:23:51 EDT" name="initialSetup" finished-at="2021-06-10T13:24:00 EDT" duration-ms="9730" status="PASS">
          <reporter-output>
          </reporter-output>
        </test-method> <!-- initialSetup -->
        <test-method signature="Title()[pri:0, instance:testLayer.LoginTest@130161f7]" started-at="2021-06-10T13:24:00 EDT" name="Title" finished-at="2021-06-10T13:24:00 EDT" duration-ms="32" status="PASS">
          <reporter-output>
          </reporter-output>
        </test-method> <!-- Title -->
        <test-method is-config="true" signature="close()[pri:0, instance:testLayer.LoginTest@130161f7]" started-at="2021-06-10T13:24:00 EDT" name="close" finished-at="2021-06-10T13:24:02 EDT" duration-ms="2151" status="PASS">
          <reporter-output>
          </reporter-output>
        </test-method> <!-- close -->
      </class> <!-- testLayer.LoginTest -->
    </test> <!-- Default test -->
  </suite> <!-- Default suite -->
</testng-results>
